00dcea9149a84384bdd8a9919c69ddf9.mp3
9dbb07c0424746f9a36950647c4af350.mp3
aa32c27e760543b7a4cea5aa8ea859df.mp3
Bad_Voltage_2x35.mp3
Bad_Voltage_2x36.mp3
Bad_Voltage_2x37.mp3
bUnknown-4c03d5a8-e01b-4d60-be13-267fa79ae1c4_p06h0v8f_cUnknown_1533828231633.mp3
bUnknown-65147428-06b7-4815-a42a-62247496e082_p06gzvlr_cUnknown_1533811254205.mp3
bUnknown-80386532-12b8-4257-8720-d827802385ee_p06jr8yd_cUnknown_1535550452176.mp3
bUnknown-8917159c-4ec3-4096-8be1-5bc794cb9ce2_p06j8dn5_cUnknown_1535041233456.mp3
bUnknown-8c753032-dd90-45d8-829d-abd4c417ba4c_p06j6zkw_cUnknown_1535016076684.mp3
bUnknown-aa7d4f5f-1958-4f1f-8b06-a7d79b25980d_p06jnfnj_cUnknown_1535461203353.mp3
bUnknown-acc69022-875e-4ba8-8e5c-d0a70eba7975_p06hn6dq_cUnknown_1534435130595.mp3
bUnknown-e3e6ea80-5a98-453a-a14d-12d8e27f6a77_p06gzvtv_cUnknown_1533811084201.mp3
bUnknown-fb5ee8e6-f855-470a-b28c-84d757b948c6_p06j7y4c_cUnknown_1535033117622.mp3
floss0492.mp3
floss0493.mp3
floss0494.mp3
media.mp3
tllts_769-08-1-18.ogg
tllts_770-08-08-18.ogg
tllts_771-08-15-18.ogg
tllts_772-08-22-18.ogg
ubuntupodcast_s11e22.mp3
ubuntupodcast_s11e23.mp3
ubuntupodcast_s11e24.mp3
